\BOOKMARK [0][-]{chapter.1}{Bayesian\040model\040fitting\040applied\040to\040flow\040cytometry\040data}{}% 1
\BOOKMARK [1][-]{section.1.1}{Introduction}{chapter.1}% 2
\BOOKMARK [1][-]{section.1.2}{Flow\040cytometry\040and\040model\040fitting}{chapter.1}% 3
\BOOKMARK [1][-]{section.1.3}{Circuit\040overview}{chapter.1}% 4
\BOOKMARK [1][-]{section.1.4}{Methods}{chapter.1}% 5
\BOOKMARK [2][-]{subsection.1.4.1}{Escherichia\040coli\040culturing\040conditions}{section.1.4}% 6
\BOOKMARK [2][-]{subsection.1.4.2}{Inducers}{section.1.4}% 7
\BOOKMARK [2][-]{subsection.1.4.3}{Glycerol\040stock\040preparation}{section.1.4}% 8
\BOOKMARK [2][-]{subsection.1.4.4}{Revival}{section.1.4}% 9
\BOOKMARK [2][-]{subsection.1.4.5}{Plasmid\040construction}{section.1.4}% 10
\BOOKMARK [3][-]{subsubsection.1.4.5.1}{Polymerase\040Chain\040Reaction}{subsection.1.4.5}% 11
\BOOKMARK [3][-]{subsubsection.1.4.5.2}{Digestion}{subsection.1.4.5}% 12
\BOOKMARK [3][-]{subsubsection.1.4.5.3}{Agarose\040gel\040electrophoresis}{subsection.1.4.5}% 13
\BOOKMARK [3][-]{subsubsection.1.4.5.4}{Ligation}{subsection.1.4.5}% 14
\BOOKMARK [3][-]{subsubsection.1.4.5.5}{Transformation}{subsection.1.4.5}% 15
\BOOKMARK [3][-]{subsubsection.1.4.5.6}{Colony\040pcr}{subsection.1.4.5}% 16
\BOOKMARK [3][-]{subsubsection.1.4.5.7}{Sequencing}{subsection.1.4.5}% 17
\BOOKMARK [2][-]{subsection.1.4.6}{Growth\040rate\040measurement}{section.1.4}% 18
\BOOKMARK [2][-]{subsection.1.4.7}{Flow\040cytometry}{section.1.4}% 19
\BOOKMARK [3][-]{subsubsection.1.4.7.1}{Concentration\040assays}{subsection.1.4.7}% 20
\BOOKMARK [3][-]{subsubsection.1.4.7.2}{Time\040course\040assays}{subsection.1.4.7}% 21
\BOOKMARK [2][-]{subsection.1.4.8}{ABC-Flow\040algorithm}{section.1.4}% 22
\BOOKMARK [3][-]{subsubsection.1.4.8.1}{Distance\040Calculations}{subsection.1.4.8}% 23
\BOOKMARK [3][-]{subsubsection.1.4.8.2}{Intensity\040calculation}{subsection.1.4.8}% 24
\BOOKMARK [1][-]{section.1.5}{Results}{chapter.1}% 25
\BOOKMARK [2][-]{subsection.1.5.1}{Growth\040rate\040investigation}{section.1.5}% 26
\BOOKMARK [2][-]{subsection.1.5.2}{Toggle\040switch\040concentration\040assays}{section.1.5}% 27
\BOOKMARK [2][-]{subsection.1.5.3}{Toggle\040switch\040time\040course\040assay}{section.1.5}% 28
\BOOKMARK [2][-]{subsection.1.5.4}{ABC-Flow\040model\040fitting\040}{section.1.5}% 29
\BOOKMARK [3][-]{subsubsection.1.5.4.1}{Distance\040study}{subsection.1.5.4}% 30
\BOOKMARK [3][-]{subsubsection.1.5.4.2}{ABC-Flow\040validation\040using\040simulated\040data}{subsection.1.5.4}% 31
\BOOKMARK [3][-]{subsubsection.1.5.4.3}{ABC-Flow\040used\040on\040experimental\040data}{subsection.1.5.4}% 32
\BOOKMARK [1][-]{section.1.6}{Discussion}{chapter.1}% 33
\BOOKMARK [1][-]{section.1.7}{Summary}{chapter.1}% 34
\BOOKMARK [0][-]{section*.27}{Bibliography}{}% 35
