\BOOKMARK [1][-]{section.0.1}{Abstract}{}% 1
\BOOKMARK [0][-]{section*.1}{List\040of\040Figures}{}% 2
\BOOKMARK [0][-]{section*.2}{List\040of\040Tables}{}% 3
\BOOKMARK [0][-]{chapter.1}{Modelling\040switches}{}% 4
\BOOKMARK [1][-]{section.1.1}{Introduction}{chapter.1}% 5
\BOOKMARK [1][-]{section.1.2}{Methods}{chapter.1}% 6
\BOOKMARK [2][-]{subsection.1.2.1}{Calculating\040robustness}{section.1.2}% 7
\BOOKMARK [1][-]{section.1.3}{Results}{chapter.1}% 8
\BOOKMARK [2][-]{subsection.1.3.1}{Testing\040StabilityFinder:\040The\040Gardner\040toggle\040switch}{section.1.3}% 9
\BOOKMARK [3][-]{subsubsection.1.3.1.1}{Comparing\040the\040deterministic\040and\040stochastic\040cases}{subsection.1.3.1}% 10
\BOOKMARK [1][-]{section.1.4}{Lu\040toggle\040switch\040models}{chapter.1}% 11
\BOOKMARK [2][-]{subsection.1.4.1}{Classical\040model}{section.1.4}% 12
\BOOKMARK [2][-]{subsection.1.4.2}{Single\040positive\040autoregulation}{section.1.4}% 13
\BOOKMARK [2][-]{subsection.1.4.3}{Double\040positive\040autoregulation}{section.1.4}% 14
\BOOKMARK [2][-]{subsection.1.4.4}{Extracting\040the\040design\040principles\040of\040a\040tristable\040switch}{section.1.4}% 15
\BOOKMARK [1][-]{section.1.5}{Mass\040Action\040switches}{chapter.1}% 16
\BOOKMARK [2][-]{subsection.1.5.1}{Deterministic\040case}{section.1.5}% 17
\BOOKMARK [3][-]{subsubsection.1.5.1.1}{Symmetric\040switch}{subsection.1.5.1}% 18
\BOOKMARK [3][-]{subsubsection.1.5.1.2}{Asymmetric\040switch}{subsection.1.5.1}% 19
\BOOKMARK [3][-]{subsubsection.1.5.1.3}{Including\040transcription\040and\040translation}{subsection.1.5.1}% 20
\BOOKMARK [2][-]{subsection.1.5.2}{Stochastic\040case}{section.1.5}% 21
\BOOKMARK [3][-]{subsubsection.1.5.2.1}{Bistable}{subsection.1.5.2}% 22
\BOOKMARK [3][-]{subsubsection.1.5.2.2}{Tristable}{subsection.1.5.2}% 23
\BOOKMARK [3][-]{subsubsection.1.5.2.3}{Extracting\040the\040design\040principles\040of\040a\040tristable\040switch}{subsection.1.5.2}% 24
\BOOKMARK [1][-]{section.1.6}{Discussion}{chapter.1}% 25
\BOOKMARK [0][-]{section*.55}{Bibliography}{}% 26
\BOOKMARK [0][-]{appendix.A}{Appendix}{}% 27
\BOOKMARK [1][-]{section.A.1}{Clustering\040algorithms}{appendix.A}% 28
\BOOKMARK [2][-]{subsection.A.1.1}{Deterministic\040case}{section.A.1}% 29
\BOOKMARK [2][-]{subsection.A.1.2}{Stochastic\040case}{section.A.1}% 30
\BOOKMARK [3][-]{subsubsection.A.1.2.1}{Gap\040statistic}{subsection.A.1.2}% 31
\BOOKMARK [3][-]{subsubsection.A.1.2.2}{K-means\040clustering}{subsection.A.1.2}% 32
