\BOOKMARK [0][-]{chapter.1}{Experimental\040characterisation\040of\040the\040genetic\040toggle\040switch}{}% 1
\BOOKMARK [1][-]{section.1.1}{Introduction}{chapter.1}% 2
\BOOKMARK [1][-]{section.1.2}{Circuit\040overview}{chapter.1}% 3
\BOOKMARK [1][-]{section.1.3}{Methods}{chapter.1}% 4
\BOOKMARK [2][-]{subsection.1.3.1}{Escherichia\040coli\040culturing\040conditions}{section.1.3}% 5
\BOOKMARK [2][-]{subsection.1.3.2}{Inducers}{section.1.3}% 6
\BOOKMARK [2][-]{subsection.1.3.3}{Glycerol\040stock\040preparation}{section.1.3}% 7
\BOOKMARK [2][-]{subsection.1.3.4}{Revival}{section.1.3}% 8
\BOOKMARK [2][-]{subsection.1.3.5}{Plasmid\040construction}{section.1.3}% 9
\BOOKMARK [3][-]{subsubsection.1.3.5.1}{Polymerase\040Chain\040Reaction}{subsection.1.3.5}% 10
\BOOKMARK [3][-]{subsubsection.1.3.5.2}{Digestion}{subsection.1.3.5}% 11
\BOOKMARK [3][-]{subsubsection.1.3.5.3}{Agarose\040gel\040electrophoresis}{subsection.1.3.5}% 12
\BOOKMARK [3][-]{subsubsection.1.3.5.4}{Ligation}{subsection.1.3.5}% 13
\BOOKMARK [3][-]{subsubsection.1.3.5.5}{Transfection}{subsection.1.3.5}% 14
\BOOKMARK [3][-]{subsubsection.1.3.5.6}{Colony\040pcr}{subsection.1.3.5}% 15
\BOOKMARK [3][-]{subsubsection.1.3.5.7}{Sequencing}{subsection.1.3.5}% 16
\BOOKMARK [2][-]{subsection.1.3.6}{Growth\040rate\040measurement}{section.1.3}% 17
\BOOKMARK [2][-]{subsection.1.3.7}{Flow\040cytometry}{section.1.3}% 18
\BOOKMARK [3][-]{subsubsection.1.3.7.1}{Concentration\040assays}{subsection.1.3.7}% 19
\BOOKMARK [3][-]{subsubsection.1.3.7.2}{Time\040course\040assays}{subsection.1.3.7}% 20
\BOOKMARK [1][-]{section.1.4}{Growth\040rate\040investigation}{chapter.1}% 21
\BOOKMARK [1][-]{section.1.5}{Toggle\040switch\040concentration\040assays}{chapter.1}% 22
\BOOKMARK [1][-]{section.1.6}{Toggle\040switch\040time\040course\040assay}{chapter.1}% 23
\BOOKMARK [1][-]{section.1.7}{Discussion}{chapter.1}% 24
\BOOKMARK [1][-]{section.1.8}{Summary}{chapter.1}% 25
\BOOKMARK [0][-]{section*.16}{Bibliography}{}% 26
