\BOOKMARK [0][-]{chapter.1}{Toggle\040switch\040stability}{}% 1
\BOOKMARK [1][-]{section.1.1}{Introduction}{chapter.1}% 2
\BOOKMARK [1][-]{section.1.2}{Stability\040Finder\040algorithm}{chapter.1}% 3
\BOOKMARK [2][-]{subsection.1.2.1}{Algorithm\040overview}{section.1.2}% 4
\BOOKMARK [2][-]{subsection.1.2.2}{Initial\040condition\040sampling}{section.1.2}% 5
\BOOKMARK [2][-]{subsection.1.2.3}{Distance\040function}{section.1.2}% 6
\BOOKMARK [3][-]{subsubsection.1.2.3.1}{Clustering\040methods}{subsection.1.2.3}% 7
\BOOKMARK [2][-]{subsection.1.2.4}{Particle\040rejection}{section.1.2}% 8
\BOOKMARK [2][-]{subsection.1.2.5}{Model\040checking}{section.1.2}% 9
\BOOKMARK [1][-]{section.1.3}{Calculating\040robustness}{chapter.1}% 10
\BOOKMARK [2][-]{subsection.1.3.1}{Case\040study\0401:\040Infectious\040diseases}{section.1.3}% 11
\BOOKMARK [2][-]{subsection.1.3.2}{Case\040study\0402:\040Population\040growth}{section.1.3}% 12
\BOOKMARK [1][-]{section.1.4}{Applications\040of\040Stability\040Finder}{chapter.1}% 13
\BOOKMARK [2][-]{subsection.1.4.1}{Testing\040StabilityFinder}{section.1.4}% 14
\BOOKMARK [2][-]{subsection.1.4.2}{Lu\040toggle\040switch\040models}{section.1.4}% 15
\BOOKMARK [3][-]{subsubsection.1.4.2.1}{Extending\040the\040Lu\040models}{subsection.1.4.2}% 16
\BOOKMARK [3][-]{subsubsection.1.4.2.2}{Multistability\040in\040the\040Lu\040models}{subsection.1.4.2}% 17
\BOOKMARK [3][-]{subsubsection.1.4.2.3}{Extending\040the\040Lu\040switch\040to\040three\040nodes}{subsection.1.4.2}% 18
\BOOKMARK [2][-]{subsection.1.4.3}{Mass\040Action\040switches}{section.1.4}% 19
\BOOKMARK [3][-]{subsubsection.1.4.3.1}{Multistability\040in\040the\040MA\040switces}{subsection.1.4.3}% 20
\BOOKMARK [3][-]{subsubsection.1.4.3.2}{Robustness\040prior\040dependence}{subsection.1.4.3}% 21
\BOOKMARK [1][-]{section.1.5}{Discussion}{chapter.1}% 22
\BOOKMARK [1][-]{section.1.6}{Summary}{chapter.1}% 23
\BOOKMARK [0][-]{section*.26}{Bibliography}{}% 24
