\BOOKMARK [0][-]{section*.2}{List\040of\040Figures}{}% 1
\BOOKMARK [0][-]{section*.3}{List\040of\040Tables}{}% 2
\BOOKMARK [0][-]{chapter.1}{Introduction}{}% 3
\BOOKMARK [1][-]{section.1.1}{Contents\040of\040this\040thesis}{chapter.1}% 4
\BOOKMARK [0][-]{chapter.2}{Background}{}% 5
\BOOKMARK [1][-]{section.2.1}{Introduction\040to\040synthetic\040biology}{chapter.2}% 6
\BOOKMARK [1][-]{section.2.2}{System\040design\040in\040synthetic\040biology}{chapter.2}% 7
\BOOKMARK [1][-]{section.2.3}{Introduction\040to\040Biochemical\040Modelling}{chapter.2}% 8
\BOOKMARK [2][-]{subsection.2.3.1}{Graphical\040representation\040of\040biochemical\040systems}{section.2.3}% 9
\BOOKMARK [2][-]{subsection.2.3.2}{Deterministic\040and\040Stochastic\040modelling}{section.2.3}% 10
\BOOKMARK [2][-]{subsection.2.3.3}{Steady\040state\040and\040stability}{section.2.3}% 11
\BOOKMARK [1][-]{section.2.4}{The\040genetic\040toggle\040switch}{chapter.2}% 12
\BOOKMARK [2][-]{subsection.2.4.1}{Importance\040in\040natural\040systems}{section.2.4}% 13
\BOOKMARK [2][-]{subsection.2.4.2}{Uses\040in\040synthetic\040biology}{section.2.4}% 14
\BOOKMARK [2][-]{subsection.2.4.3}{Modelling\040the\040genetic\040toggle\040switch}{section.2.4}% 15
\BOOKMARK [1][-]{section.2.5}{Introduction\040to\040Bayesian\040statistics}{chapter.2}% 16
\BOOKMARK [2][-]{subsection.2.5.1}{Bayes'\040theorem}{section.2.5}% 17
\BOOKMARK [2][-]{subsection.2.5.2}{Bayesian\040inference}{section.2.5}% 18
\BOOKMARK [2][-]{subsection.2.5.3}{Model\040checking}{section.2.5}% 19
\BOOKMARK [2][-]{subsection.2.5.4}{Model\040comparison}{section.2.5}% 20
\BOOKMARK [2][-]{subsection.2.5.5}{Prior\040selection}{section.2.5}% 21
\BOOKMARK [1][-]{section.2.6}{abc}{chapter.2}% 22
\BOOKMARK [2][-]{subsection.2.6.1}{abc\040algorithms}{section.2.6}% 23
\BOOKMARK [2][-]{subsection.2.6.2}{Robustness}{section.2.6}% 24
\BOOKMARK [0][-]{chapter.3}{Bayesian\040model\040selection}{}% 25
\BOOKMARK [1][-]{section.3.1}{Introduction\040to\040ABC-SysBio}{chapter.3}% 26
\BOOKMARK [1][-]{section.3.2}{Methods}{chapter.3}% 27
\BOOKMARK [2][-]{subsection.3.2.1}{abc\040for\040parameter\040estimation}{section.3.2}% 28
\BOOKMARK [2][-]{subsection.3.2.2}{abc\040for\040model\040selection}{section.3.2}% 29
\BOOKMARK [2][-]{subsection.3.2.3}{Particle\040sampling}{section.3.2}% 30
\BOOKMARK [2][-]{subsection.3.2.4}{Perturbation}{section.3.2}% 31
\BOOKMARK [2][-]{subsection.3.2.5}{Particle\040simulation}{section.3.2}% 32
\BOOKMARK [2][-]{subsection.3.2.6}{Distance\040function}{section.3.2}% 33
\BOOKMARK [2][-]{subsection.3.2.7}{Weight\040calculation}{section.3.2}% 34
\BOOKMARK [1][-]{section.3.3}{Models\040of\040the\040genetic\040toggle\040switch}{chapter.3}% 35
\BOOKMARK [1][-]{section.3.4}{Results}{chapter.3}% 36
\BOOKMARK [2][-]{subsection.3.4.1}{Genetic\040toggle\040switch\040model\040selection}{section.3.4}% 37
\BOOKMARK [1][-]{section.3.5}{Conclusions}{chapter.3}% 38
\BOOKMARK [0][-]{chapter.4}{Toggle\040switch\040stability}{}% 39
\BOOKMARK [1][-]{section.4.1}{Introduction}{chapter.4}% 40
\BOOKMARK [1][-]{section.4.2}{Stability\040Finder\040algorithm}{chapter.4}% 41
\BOOKMARK [2][-]{subsection.4.2.1}{Algorithm\040overview}{section.4.2}% 42
\BOOKMARK [2][-]{subsection.4.2.2}{Initial\040condition\040sampling}{section.4.2}% 43
\BOOKMARK [2][-]{subsection.4.2.3}{Distance\040function}{section.4.2}% 44
\BOOKMARK [3][-]{subsubsection.4.2.3.1}{Clustering\040methods}{subsection.4.2.3}% 45
\BOOKMARK [2][-]{subsection.4.2.4}{Particle\040rejection}{section.4.2}% 46
\BOOKMARK [2][-]{subsection.4.2.5}{Model\040checking}{section.4.2}% 47
\BOOKMARK [1][-]{section.4.3}{Calculating\040robustness}{chapter.4}% 48
\BOOKMARK [2][-]{subsection.4.3.1}{Case\040study\0401:\040Infectious\040diseases}{section.4.3}% 49
\BOOKMARK [2][-]{subsection.4.3.2}{Case\040study\0402:\040Population\040growth}{section.4.3}% 50
\BOOKMARK [1][-]{section.4.4}{Applications\040of\040Stability\040Finder}{chapter.4}% 51
\BOOKMARK [2][-]{subsection.4.4.1}{Testing\040StabilityFinder}{section.4.4}% 52
\BOOKMARK [2][-]{subsection.4.4.2}{Lu\040toggle\040switch\040models}{section.4.4}% 53
\BOOKMARK [3][-]{subsubsection.4.4.2.1}{Extending\040the\040Lu\040models}{subsection.4.4.2}% 54
\BOOKMARK [3][-]{subsubsection.4.4.2.2}{Multistability\040in\040the\040Lu\040models}{subsection.4.4.2}% 55
\BOOKMARK [3][-]{subsubsection.4.4.2.3}{Extending\040the\040Lu\040switch\040to\040three\040nodes}{subsection.4.4.2}% 56
\BOOKMARK [2][-]{subsection.4.4.3}{Mass\040Action\040switches}{section.4.4}% 57
\BOOKMARK [3][-]{subsubsection.4.4.3.1}{Multistability\040in\040the\040MA\040switces}{subsection.4.4.3}% 58
\BOOKMARK [3][-]{subsubsection.4.4.3.2}{Robustness\040prior\040dependence}{subsection.4.4.3}% 59
\BOOKMARK [1][-]{section.4.5}{Discussion}{chapter.4}% 60
\BOOKMARK [1][-]{section.4.6}{Summary}{chapter.4}% 61
\BOOKMARK [0][-]{chapter.5}{Characterising\040the\040genetic\040toggle\040switch}{}% 62
\BOOKMARK [1][-]{section.5.1}{Introduction}{chapter.5}% 63
\BOOKMARK [1][-]{section.5.2}{Circuit\040overview}{chapter.5}% 64
\BOOKMARK [1][-]{section.5.3}{Methods}{chapter.5}% 65
\BOOKMARK [2][-]{subsection.5.3.1}{Escherichia\040coli\040culturing\040conditions}{section.5.3}% 66
\BOOKMARK [2][-]{subsection.5.3.2}{Inducers}{section.5.3}% 67
\BOOKMARK [2][-]{subsection.5.3.3}{Glycerol\040stock\040preparation}{section.5.3}% 68
\BOOKMARK [2][-]{subsection.5.3.4}{Revival}{section.5.3}% 69
\BOOKMARK [2][-]{subsection.5.3.5}{Plasmid\040construction}{section.5.3}% 70
\BOOKMARK [3][-]{subsubsection.5.3.5.1}{Polymerase\040Chain\040Reaction}{subsection.5.3.5}% 71
\BOOKMARK [3][-]{subsubsection.5.3.5.2}{Digestion}{subsection.5.3.5}% 72
\BOOKMARK [3][-]{subsubsection.5.3.5.3}{Agarose\040gel\040electrophoresis}{subsection.5.3.5}% 73
\BOOKMARK [3][-]{subsubsection.5.3.5.4}{Ligation}{subsection.5.3.5}% 74
\BOOKMARK [3][-]{subsubsection.5.3.5.5}{Transfection}{subsection.5.3.5}% 75
\BOOKMARK [3][-]{subsubsection.5.3.5.6}{Colony\040pcr}{subsection.5.3.5}% 76
\BOOKMARK [3][-]{subsubsection.5.3.5.7}{Sequencing}{subsection.5.3.5}% 77
\BOOKMARK [2][-]{subsection.5.3.6}{Growth\040rate\040measurement}{section.5.3}% 78
\BOOKMARK [2][-]{subsection.5.3.7}{Flow\040cytometry}{section.5.3}% 79
\BOOKMARK [3][-]{subsubsection.5.3.7.1}{Concentration\040assays}{subsection.5.3.7}% 80
\BOOKMARK [3][-]{subsubsection.5.3.7.2}{Time\040course\040assays}{subsection.5.3.7}% 81
\BOOKMARK [1][-]{section.5.4}{Growth\040rate\040investigation}{chapter.5}% 82
\BOOKMARK [1][-]{section.5.5}{Toggle\040switch\040concentration\040assays}{chapter.5}% 83
\BOOKMARK [1][-]{section.5.6}{Toggle\040switch\040time\040course\040assay}{chapter.5}% 84
\BOOKMARK [1][-]{section.5.7}{Discussion}{chapter.5}% 85
\BOOKMARK [1][-]{section.5.8}{Summary}{chapter.5}% 86
\BOOKMARK [0][-]{chapter.6}{ABC-Flow}{}% 87
\BOOKMARK [1][-]{section.6.1}{Introduction}{chapter.6}% 88
\BOOKMARK [1][-]{section.6.2}{Methods}{chapter.6}% 89
\BOOKMARK [1][-]{section.6.3}{Results}{chapter.6}% 90
\BOOKMARK [2][-]{subsection.6.3.1}{Distance\040Calculations}{section.6.3}% 91
\BOOKMARK [2][-]{subsection.6.3.2}{Comparing\0401D\040and\0402D\040distances}{section.6.3}% 92
\BOOKMARK [3][-]{subsubsection.6.3.2.1}{Normal\040distribution}{subsection.6.3.2}% 93
\BOOKMARK [3][-]{subsubsection.6.3.2.2}{Uniform\040distribution}{subsection.6.3.2}% 94
\BOOKMARK [3][-]{subsubsection.6.3.2.3}{Comparing\040uniform\040and\040normal\040distributions}{subsection.6.3.2}% 95
\BOOKMARK [3][-]{subsubsection.6.3.2.4}{Bimodal\040distributions}{subsection.6.3.2}% 96
\BOOKMARK [3][-]{subsubsection.6.3.2.5}{Comparing\040bimodal\040and\040normal\040distributions}{subsection.6.3.2}% 97
\BOOKMARK [2][-]{subsection.6.3.3}{Applying\040ABC-Flow\040to\040simulated\040Gardner\040data}{section.6.3}% 98
\BOOKMARK [2][-]{subsection.6.3.4}{Applying\040ABC-Flow\040to\040experimental\040toggle\040switch\040data}{section.6.3}% 99
\BOOKMARK [3][-]{subsubsection.6.3.4.1}{atc\040induction}{subsection.6.3.4}% 100
\BOOKMARK [3][-]{subsubsection.6.3.4.2}{iptg\040induction}{subsection.6.3.4}% 101
\BOOKMARK [2][-]{subsection.6.3.5}{Conclusions}{section.6.3}% 102
\BOOKMARK [0][-]{chapter.7}{Designing\040new\040switches}{}% 103
\BOOKMARK [1][-]{section.7.1}{Circuit\040overview}{chapter.7}% 104
\BOOKMARK [1][-]{section.7.2}{Parts}{chapter.7}% 105
\BOOKMARK [0][-]{chapter.8}{Conclusions}{}% 106
\BOOKMARK [1][-]{section.8.1}{Evaluation}{chapter.8}% 107
\BOOKMARK [1][-]{section.8.2}{Future\040work}{chapter.8}% 108
\BOOKMARK [0][-]{section*.62}{Bibliography}{}% 109
\BOOKMARK [0][-]{appendix.A}{Appendix}{}% 110
\BOOKMARK [1][-]{section.A.1}{odes}{appendix.A}% 111
\BOOKMARK [2][-]{subsection.A.1.1}{cs-ma}{section.A.1}% 112
\BOOKMARK [2][-]{subsection.A.1.2}{dp-ma}{section.A.1}% 113
\BOOKMARK [1][-]{section.A.2}{Sequences}{appendix.A}% 114
\BOOKMARK [2][-]{subsection.A.2.1}{pKDL071}{section.A.2}% 115
\BOOKMARK [1][-]{section.A.3}{Algorithms}{appendix.A}% 116
\BOOKMARK [2][-]{subsection.A.3.1}{Clustering\040algorithms}{section.A.3}% 117
\BOOKMARK [3][-]{subsubsection.A.3.1.1}{Deterministic\040case}{subsection.A.3.1}% 118
\BOOKMARK [3][-]{subsubsection.A.3.1.2}{Stochastic\040case}{subsection.A.3.1}% 119
