\BOOKMARK [0][-]{chapter.1}{Bayesian\040model\040fitting\040applied\040to\040flow\040cytometry\040data}{}% 1
\BOOKMARK [1][-]{section.1.1}{Introduction}{chapter.1}% 2
\BOOKMARK [1][-]{section.1.2}{Flow\040cytometry\040and\040model\040fitting}{chapter.1}% 3
\BOOKMARK [1][-]{section.1.3}{ABC-Flow\040algorithm\040development}{chapter.1}% 4
\BOOKMARK [2][-]{subsubsection.1.3.0.1}{Distance\040Calculations}{section.1.3}% 5
\BOOKMARK [3][-]{subsubsection.1.3.0.2}{Intensity\040calculation}{subsubsection.1.3.0.1}% 6
\BOOKMARK [2][-]{subsection.1.3.1}{ABC-Flow\040model\040fitting\040}{section.1.3}% 7
\BOOKMARK [3][-]{subsubsection.1.3.1.1}{Distance\040study}{subsection.1.3.1}% 8
\BOOKMARK [3][-]{subsubsection.1.3.1.2}{ABC-Flow\040validation\040using\040simulated\040data}{subsection.1.3.1}% 9
\BOOKMARK [1][-]{section.1.4}{Toggle\040switch\040data\040collection}{chapter.1}% 10
\BOOKMARK [2][-]{subsection.1.4.1}{Circuit\040overview}{section.1.4}% 11
\BOOKMARK [2][-]{subsection.1.4.2}{Methods}{section.1.4}% 12
\BOOKMARK [3][-]{subsubsection.1.4.2.1}{Escherichia\040coli\040culturing\040conditions}{subsection.1.4.2}% 13
\BOOKMARK [3][-]{subsubsection.1.4.2.2}{Glycerol\040stock\040preparation}{subsection.1.4.2}% 14
\BOOKMARK [3][-]{subsubsection.1.4.2.3}{Revival}{subsection.1.4.2}% 15
\BOOKMARK [3][-]{subsubsection.1.4.2.4}{Inducers}{subsection.1.4.2}% 16
\BOOKMARK [3][-]{subsubsection.1.4.2.5}{Growth\040rate\040measurement}{subsection.1.4.2}% 17
\BOOKMARK [3][-]{subsubsection.1.4.2.6}{Flow\040cytometry}{subsection.1.4.2}% 18
\BOOKMARK [3][-]{subsubsection.1.4.2.7}{Concentration\040assays}{subsection.1.4.2}% 19
\BOOKMARK [3][-]{subsubsection.1.4.2.8}{Time\040course\040assays}{subsection.1.4.2}% 20
\BOOKMARK [2][-]{subsection.1.4.3}{Results}{section.1.4}% 21
\BOOKMARK [3][-]{subsubsection.1.4.3.1}{Growth\040rate\040investigation}{subsection.1.4.3}% 22
\BOOKMARK [3][-]{subsubsection.1.4.3.2}{Toggle\040switch\040concentration\040assays}{subsection.1.4.3}% 23
\BOOKMARK [3][-]{subsubsection.1.4.3.3}{Toggle\040switch\040time\040course\040assay}{subsection.1.4.3}% 24
\BOOKMARK [3][-]{subsubsection.1.4.3.4}{Plasmid\040construction}{subsection.1.4.3}% 25
\BOOKMARK [3][-]{subsubsection.1.4.3.5}{Polymerase\040Chain\040Reaction}{subsection.1.4.3}% 26
\BOOKMARK [3][-]{subsubsection.1.4.3.6}{Digestion}{subsection.1.4.3}% 27
\BOOKMARK [3][-]{subsubsection.1.4.3.7}{Agarose\040gel\040electrophoresis}{subsection.1.4.3}% 28
\BOOKMARK [3][-]{subsubsection.1.4.3.8}{Ligation}{subsection.1.4.3}% 29
\BOOKMARK [3][-]{subsubsection.1.4.3.9}{Transformation}{subsection.1.4.3}% 30
\BOOKMARK [3][-]{subsubsection.1.4.3.10}{Colony\040pcr}{subsection.1.4.3}% 31
\BOOKMARK [3][-]{subsubsection.1.4.3.11}{Sequencing}{subsection.1.4.3}% 32
\BOOKMARK [1][-]{section.1.5}{ABC-Flow\040used\040on\040experimental\040data}{chapter.1}% 33
\BOOKMARK [1][-]{section.1.6}{Discussion}{chapter.1}% 34
\BOOKMARK [1][-]{section.1.7}{Summary}{chapter.1}% 35
\BOOKMARK [0][-]{section*.30}{Bibliography}{}% 36
