\BOOKMARK [0][-]{chapter.1}{Background}{}% 1
\BOOKMARK [1][-]{section.1.1}{Introduction\040to\040synthetic\040biology}{chapter.1}% 2
\BOOKMARK [1][-]{section.1.2}{System\040design\040in\040synthetic\040biology}{chapter.1}% 3
\BOOKMARK [1][-]{section.1.3}{Introduction\040to\040Biochemical\040Modelling}{chapter.1}% 4
\BOOKMARK [2][-]{subsection.1.3.1}{Graphical\040representation\040of\040biochemical\040systems}{section.1.3}% 5
\BOOKMARK [2][-]{subsection.1.3.2}{Deterministic\040and\040Stochastic\040modelling}{section.1.3}% 6
\BOOKMARK [2][-]{subsection.1.3.3}{Steady\040state\040and\040stability}{section.1.3}% 7
\BOOKMARK [1][-]{section.1.4}{The\040genetic\040toggle\040switch}{chapter.1}% 8
\BOOKMARK [2][-]{subsection.1.4.1}{Importance\040in\040natural\040systems}{section.1.4}% 9
\BOOKMARK [2][-]{subsection.1.4.2}{Uses\040in\040synthetic\040biology}{section.1.4}% 10
\BOOKMARK [2][-]{subsection.1.4.3}{Modelling\040the\040genetic\040toggle\040switch}{section.1.4}% 11
\BOOKMARK [1][-]{section.1.5}{Introduction\040to\040Bayesian\040statistics}{chapter.1}% 12
\BOOKMARK [2][-]{subsection.1.5.1}{Bayes'\040theorem}{section.1.5}% 13
\BOOKMARK [2][-]{subsection.1.5.2}{Bayesian\040inference}{section.1.5}% 14
\BOOKMARK [2][-]{subsection.1.5.3}{Model\040checking}{section.1.5}% 15
\BOOKMARK [2][-]{subsection.1.5.4}{Prior\040selection}{section.1.5}% 16
\BOOKMARK [2][-]{subsection.1.5.5}{Model\040parametric\040Robustness}{section.1.5}% 17
\BOOKMARK [1][-]{section.1.6}{abc}{chapter.1}% 18
\BOOKMARK [2][-]{subsection.1.6.1}{abc\040algorithms}{section.1.6}% 19
\BOOKMARK [2][-]{subsection.1.6.2}{Particle\040sampling}{section.1.6}% 20
\BOOKMARK [2][-]{subsection.1.6.3}{Perturbation}{section.1.6}% 21
\BOOKMARK [2][-]{subsection.1.6.4}{Particle\040simulation}{section.1.6}% 22
\BOOKMARK [2][-]{subsection.1.6.5}{Weight\040calculation}{section.1.6}% 23
\BOOKMARK [1][-]{section.1.7}{Flow\040Cytometry}{chapter.1}% 24
\BOOKMARK [0][-]{section*.5}{Bibliography}{}% 25
