\BOOKMARK [0][-]{chapter.1}{Toggle\040switch\040stability}{}% 1
\BOOKMARK [1][-]{section.1.1}{Introduction}{chapter.1}% 2
\BOOKMARK [1][-]{section.1.2}{Background}{chapter.1}% 3
\BOOKMARK [2][-]{subsection.1.2.1}{abc\040algorithms}{section.1.2}% 4
\BOOKMARK [2][-]{subsection.1.2.2}{Robustness}{section.1.2}% 5
\BOOKMARK [1][-]{section.1.3}{Stability\040Finder\040algorithm}{chapter.1}% 6
\BOOKMARK [2][-]{subsection.1.3.1}{Algorithm\040overview}{section.1.3}% 7
\BOOKMARK [2][-]{subsection.1.3.2}{Particle\040sampling}{section.1.3}% 8
\BOOKMARK [2][-]{subsection.1.3.3}{Perturbation}{section.1.3}% 9
\BOOKMARK [2][-]{subsection.1.3.4}{Initial\040condition\040sampling}{section.1.3}% 10
\BOOKMARK [2][-]{subsection.1.3.5}{Particle\040simulation}{section.1.3}% 11
\BOOKMARK [2][-]{subsection.1.3.6}{Distance\040function}{section.1.3}% 12
\BOOKMARK [3][-]{subsubsection.1.3.6.1}{Clustering\040methods}{subsection.1.3.6}% 13
\BOOKMARK [2][-]{subsection.1.3.7}{Particle\040rejection}{section.1.3}% 14
\BOOKMARK [2][-]{subsection.1.3.8}{Weight\040calculation}{section.1.3}% 15
\BOOKMARK [2][-]{subsection.1.3.9}{Model\040checking}{section.1.3}% 16
\BOOKMARK [1][-]{section.1.4}{Calculating\040robustness}{chapter.1}% 17
\BOOKMARK [2][-]{subsection.1.4.1}{Case\040study\0401:\040Infectious\040diseases}{section.1.4}% 18
\BOOKMARK [2][-]{subsection.1.4.2}{Case\040study\0402:\040Population\040growth}{section.1.4}% 19
\BOOKMARK [1][-]{section.1.5}{Applications\040of\040Stability\040Finder}{chapter.1}% 20
\BOOKMARK [2][-]{subsection.1.5.1}{Testing\040StabilityFinder}{section.1.5}% 21
\BOOKMARK [2][-]{subsection.1.5.2}{Lu\040toggle\040switch\040models}{section.1.5}% 22
\BOOKMARK [3][-]{subsubsection.1.5.2.1}{Extending\040the\040Lu\040models}{subsection.1.5.2}% 23
\BOOKMARK [3][-]{subsubsection.1.5.2.2}{Multistability\040in\040the\040Lu\040models}{subsection.1.5.2}% 24
\BOOKMARK [3][-]{subsubsection.1.5.2.3}{Extending\040the\040Lu\040switch\040to\040three\040nodes}{subsection.1.5.2}% 25
\BOOKMARK [2][-]{subsection.1.5.3}{Mass\040Action\040switches}{section.1.5}% 26
\BOOKMARK [3][-]{subsubsection.1.5.3.1}{Multistability\040in\040the\040MA\040switces}{subsection.1.5.3}% 27
\BOOKMARK [3][-]{subsubsection.1.5.3.2}{Robustness\040prior\040dependence}{subsection.1.5.3}% 28
\BOOKMARK [1][-]{section.1.6}{Discussion}{chapter.1}% 29
\BOOKMARK [1][-]{section.1.7}{Summary}{chapter.1}% 30
\BOOKMARK [0][-]{section*.27}{Bibliography}{}% 31
