\BOOKMARK [0][-]{section*.2}{List\040of\040Figures}{}% 1
\BOOKMARK [0][-]{section*.3}{List\040of\040Tables}{}% 2
\BOOKMARK [0][-]{section*.4}{List\040of\040abbreviations}{}% 3
\BOOKMARK [0][-]{chapter.1}{Introduction}{}% 4
\BOOKMARK [1][-]{section.1.1}{Quantitative\040dynamical\040modelling\040in\040synthetic\040biology}{chapter.1}% 5
\BOOKMARK [1][-]{section.1.2}{Contents\040of\040this\040thesis}{chapter.1}% 6
\BOOKMARK [2][-]{subsection.1.2.1}{Outline}{section.1.2}% 7
\BOOKMARK [2][-]{subsection.1.2.2}{Publications}{section.1.2}% 8
\BOOKMARK [0][-]{chapter.2}{Background}{}% 9
\BOOKMARK [1][-]{section.2.1}{Introduction\040to\040synthetic\040biology}{chapter.2}% 10
\BOOKMARK [1][-]{section.2.2}{System\040design\040in\040synthetic\040biology}{chapter.2}% 11
\BOOKMARK [1][-]{section.2.3}{Introduction\040to\040Biochemical\040Modelling}{chapter.2}% 12
\BOOKMARK [2][-]{subsection.2.3.1}{Graphical\040representation\040of\040biochemical\040systems}{section.2.3}% 13
\BOOKMARK [2][-]{subsection.2.3.2}{Deterministic\040and\040Stochastic\040modelling}{section.2.3}% 14
\BOOKMARK [2][-]{subsection.2.3.3}{Steady\040state\040and\040stability}{section.2.3}% 15
\BOOKMARK [1][-]{section.2.4}{The\040genetic\040toggle\040switch}{chapter.2}% 16
\BOOKMARK [2][-]{subsection.2.4.1}{Importance\040in\040natural\040systems}{section.2.4}% 17
\BOOKMARK [2][-]{subsection.2.4.2}{Uses\040in\040synthetic\040biology}{section.2.4}% 18
\BOOKMARK [2][-]{subsection.2.4.3}{Modelling\040the\040genetic\040toggle\040switch}{section.2.4}% 19
\BOOKMARK [1][-]{section.2.5}{Introduction\040to\040Bayesian\040statistics}{chapter.2}% 20
\BOOKMARK [2][-]{subsection.2.5.1}{Bayes'\040theorem}{section.2.5}% 21
\BOOKMARK [2][-]{subsection.2.5.2}{Bayesian\040inference}{section.2.5}% 22
\BOOKMARK [2][-]{subsection.2.5.3}{Model\040checking}{section.2.5}% 23
\BOOKMARK [2][-]{subsection.2.5.4}{Prior\040selection}{section.2.5}% 24
\BOOKMARK [2][-]{subsection.2.5.5}{Model\040parametric\040Robustness}{section.2.5}% 25
\BOOKMARK [1][-]{section.2.6}{abc}{chapter.2}% 26
\BOOKMARK [2][-]{subsection.2.6.1}{abc\040algorithms}{section.2.6}% 27
\BOOKMARK [2][-]{subsection.2.6.2}{Particle\040sampling}{section.2.6}% 28
\BOOKMARK [2][-]{subsection.2.6.3}{Perturbation}{section.2.6}% 29
\BOOKMARK [2][-]{subsection.2.6.4}{Particle\040simulation}{section.2.6}% 30
\BOOKMARK [2][-]{subsection.2.6.5}{Weight\040calculation}{section.2.6}% 31
\BOOKMARK [0][-]{chapter.3}{Effect\040or\040feedback\040loops\040on\040switch\040robustness\040}{}% 32
\BOOKMARK [1][-]{section.3.1}{Introduction}{chapter.3}% 33
\BOOKMARK [1][-]{section.3.2}{The\040genetic\040toggle\040switch}{chapter.3}% 34
\BOOKMARK [1][-]{section.3.3}{Toggle\040switch\040parameter\040scan}{chapter.3}% 35
\BOOKMARK [1][-]{section.3.4}{Toggle\040switch\040parameter\040inference}{chapter.3}% 36
\BOOKMARK [1][-]{section.3.5}{Genetic\040toggle\040switch\040model\040selection}{chapter.3}% 37
\BOOKMARK [2][-]{subsection.3.5.1}{Models\040of\040the\040genetic\040toggle\040switch}{section.3.5}% 38
\BOOKMARK [2][-]{subsection.3.5.2}{abc\040for\040model\040selection}{section.3.5}% 39
\BOOKMARK [1][-]{section.3.6}{Discussion}{chapter.3}% 40
\BOOKMARK [1][-]{section.3.7}{Summary}{chapter.3}% 41
\BOOKMARK [0][-]{chapter.4}{Dynamics\040of\040multi-stable\040switches}{}% 42
\BOOKMARK [1][-]{section.4.1}{Introduction}{chapter.4}% 43
\BOOKMARK [1][-]{section.4.2}{Stability\040Finder\040algorithm}{chapter.4}% 44
\BOOKMARK [2][-]{subsection.4.2.1}{Algorithm\040overview}{section.4.2}% 45
\BOOKMARK [2][-]{subsection.4.2.2}{Initial\040condition\040sampling}{section.4.2}% 46
\BOOKMARK [2][-]{subsection.4.2.3}{Distance\040function}{section.4.2}% 47
\BOOKMARK [3][-]{subsubsection.4.2.3.1}{Clustering\040methods}{subsection.4.2.3}% 48
\BOOKMARK [2][-]{subsection.4.2.4}{Particle\040rejection}{section.4.2}% 49
\BOOKMARK [2][-]{subsection.4.2.5}{Model\040checking}{section.4.2}% 50
\BOOKMARK [1][-]{section.4.3}{Calculating\040robustness}{chapter.4}% 51
\BOOKMARK [2][-]{subsection.4.3.1}{Case\040study\0401:\040Infectious\040diseases}{section.4.3}% 52
\BOOKMARK [2][-]{subsection.4.3.2}{Case\040study\0402:\040Population\040growth}{section.4.3}% 53
\BOOKMARK [1][-]{section.4.4}{Applications\040of\040Stability\040Finder}{chapter.4}% 54
\BOOKMARK [2][-]{subsection.4.4.1}{Testing\040StabilityFinder}{section.4.4}% 55
\BOOKMARK [2][-]{subsection.4.4.2}{Lu\040toggle\040switch\040models}{section.4.4}% 56
\BOOKMARK [3][-]{subsubsection.4.4.2.1}{Extending\040the\040Lu\040models}{subsection.4.4.2}% 57
\BOOKMARK [3][-]{subsubsection.4.4.2.2}{Multistability\040in\040the\040Lu\040models}{subsection.4.4.2}% 58
\BOOKMARK [3][-]{subsubsection.4.4.2.3}{Extending\040the\040Lu\040switch\040to\040three\040nodes}{subsection.4.4.2}% 59
\BOOKMARK [2][-]{subsection.4.4.3}{Mass\040Action\040switches}{section.4.4}% 60
\BOOKMARK [3][-]{subsubsection.4.4.3.1}{Multistability\040in\040the\040MA\040switces}{subsection.4.4.3}% 61
\BOOKMARK [3][-]{subsubsection.4.4.3.2}{Robustness\040prior\040dependence}{subsection.4.4.3}% 62
\BOOKMARK [1][-]{section.4.5}{Discussion}{chapter.4}% 63
\BOOKMARK [1][-]{section.4.6}{Summary}{chapter.4}% 64
\BOOKMARK [0][-]{chapter.5}{Bayesian\040model\040fitting\040applied\040to\040flow\040cytometry\040data}{}% 65
\BOOKMARK [1][-]{section.5.1}{Introduction}{chapter.5}% 66
\BOOKMARK [1][-]{section.5.2}{Flow\040cytometry\040and\040model\040fitting}{chapter.5}% 67
\BOOKMARK [1][-]{section.5.3}{ABC-Flow\040algorithm\040development}{chapter.5}% 68
\BOOKMARK [2][-]{subsubsection.5.3.0.1}{Distance\040Calculations}{section.5.3}% 69
\BOOKMARK [3][-]{subsubsection.5.3.0.2}{Intensity\040calculation}{subsubsection.5.3.0.1}% 70
\BOOKMARK [2][-]{subsection.5.3.1}{ABC-Flow\040model\040fitting\040}{section.5.3}% 71
\BOOKMARK [3][-]{subsubsection.5.3.1.1}{Distance\040study}{subsection.5.3.1}% 72
\BOOKMARK [3][-]{subsubsection.5.3.1.2}{ABC-Flow\040validation\040using\040simulated\040data}{subsection.5.3.1}% 73
\BOOKMARK [1][-]{section.5.4}{Toggle\040switch\040data\040collection}{chapter.5}% 74
\BOOKMARK [2][-]{subsection.5.4.1}{Circuit\040overview}{section.5.4}% 75
\BOOKMARK [2][-]{subsection.5.4.2}{Methods}{section.5.4}% 76
\BOOKMARK [3][-]{subsubsection.5.4.2.1}{Escherichia\040coli\040culturing\040conditions}{subsection.5.4.2}% 77
\BOOKMARK [3][-]{subsubsection.5.4.2.2}{Glycerol\040stock\040preparation}{subsection.5.4.2}% 78
\BOOKMARK [3][-]{subsubsection.5.4.2.3}{Revival}{subsection.5.4.2}% 79
\BOOKMARK [3][-]{subsubsection.5.4.2.4}{Inducers}{subsection.5.4.2}% 80
\BOOKMARK [3][-]{subsubsection.5.4.2.5}{Growth\040rate\040measurement}{subsection.5.4.2}% 81
\BOOKMARK [3][-]{subsubsection.5.4.2.6}{Flow\040cytometry}{subsection.5.4.2}% 82
\BOOKMARK [3][-]{subsubsection.5.4.2.7}{Concentration\040assays}{subsection.5.4.2}% 83
\BOOKMARK [3][-]{subsubsection.5.4.2.8}{Time\040course\040assays}{subsection.5.4.2}% 84
\BOOKMARK [2][-]{subsection.5.4.3}{Results}{section.5.4}% 85
\BOOKMARK [3][-]{subsubsection.5.4.3.1}{Growth\040rate\040investigation}{subsection.5.4.3}% 86
\BOOKMARK [3][-]{subsubsection.5.4.3.2}{Toggle\040switch\040concentration\040assays}{subsection.5.4.3}% 87
\BOOKMARK [3][-]{subsubsection.5.4.3.3}{Toggle\040switch\040time\040course\040assay}{subsection.5.4.3}% 88
\BOOKMARK [3][-]{subsubsection.5.4.3.4}{Plasmid\040construction}{subsection.5.4.3}% 89
\BOOKMARK [3][-]{subsubsection.5.4.3.5}{Polymerase\040Chain\040Reaction}{subsection.5.4.3}% 90
\BOOKMARK [3][-]{subsubsection.5.4.3.6}{Digestion}{subsection.5.4.3}% 91
\BOOKMARK [3][-]{subsubsection.5.4.3.7}{Agarose\040gel\040electrophoresis}{subsection.5.4.3}% 92
\BOOKMARK [3][-]{subsubsection.5.4.3.8}{Ligation}{subsection.5.4.3}% 93
\BOOKMARK [3][-]{subsubsection.5.4.3.9}{Transformation}{subsection.5.4.3}% 94
\BOOKMARK [3][-]{subsubsection.5.4.3.10}{Colony\040pcr}{subsection.5.4.3}% 95
\BOOKMARK [3][-]{subsubsection.5.4.3.11}{Sequencing}{subsection.5.4.3}% 96
\BOOKMARK [1][-]{section.5.5}{ABC-Flow\040used\040on\040experimental\040data}{chapter.5}% 97
\BOOKMARK [1][-]{section.5.6}{Discussion}{chapter.5}% 98
\BOOKMARK [1][-]{section.5.7}{Summary}{chapter.5}% 99
\BOOKMARK [0][-]{chapter.6}{Designing\040new\040switches}{}% 100
\BOOKMARK [1][-]{section.6.1}{Introduction}{chapter.6}% 101
\BOOKMARK [1][-]{section.6.2}{Cloning\040overview}{chapter.6}% 102
\BOOKMARK [1][-]{section.6.3}{Experimental\040design}{chapter.6}% 103
\BOOKMARK [0][-]{chapter.7}{Conclusions}{}% 104
\BOOKMARK [1][-]{section.7.1}{Evaluation}{chapter.7}% 105
\BOOKMARK [1][-]{section.7.2}{Future\040work}{chapter.7}% 106
\BOOKMARK [0][-]{section*.76}{Bibliography}{}% 107
\BOOKMARK [0][-]{section*.76}{Appendices}{}% 108
\BOOKMARK [0][-]{appendix.A}{Biochemical\040kinetic\040models}{}% 109
\BOOKMARK [1][-]{section.A.1}{odes}{appendix.A}% 110
\BOOKMARK [2][-]{subsection.A.1.1}{Standard\040toggle\040switch\040with\040inducers}{section.A.1}% 111
\BOOKMARK [2][-]{subsection.A.1.2}{Positive\040autoregulation\040on\040A\040and\040B\040with\040inducers}{section.A.1}% 112
\BOOKMARK [2][-]{subsection.A.1.3}{cs-ma}{section.A.1}% 113
\BOOKMARK [2][-]{subsection.A.1.4}{dp-ma}{section.A.1}% 114
\BOOKMARK [0][-]{appendix.B}{Primers}{}% 115
\BOOKMARK [1][-]{section.B.1}{Primers\040used\040during\040pcr\040and\040sequencing}{appendix.B}% 116
\BOOKMARK [0][-]{appendix.C}{Algorithms}{}% 117
\BOOKMARK [1][-]{section.C.1}{Clustering\040algorithms}{appendix.C}% 118
\BOOKMARK [2][-]{subsection.C.1.1}{Deterministic\040case}{section.C.1}% 119
\BOOKMARK [2][-]{subsection.C.1.2}{Stochastic\040case}{section.C.1}% 120
\BOOKMARK [1][-]{section.C.2}{K-means\040clustering}{appendix.C}% 121
