\BOOKMARK [0][-]{chapter.1}{Toggle\040switch\040stability}{}% 1
\BOOKMARK [1][-]{section.1.1}{Introduction}{chapter.1}% 2
\BOOKMARK [1][-]{section.1.2}{Contributions\040to\040this\040Chapter}{chapter.1}% 3
\BOOKMARK [1][-]{section.1.3}{Background}{chapter.1}% 4
\BOOKMARK [1][-]{section.1.4}{Stability\040Finder\040algorithm}{chapter.1}% 5
\BOOKMARK [2][-]{subsection.1.4.1}{Algorithm\040overview}{section.1.4}% 6
\BOOKMARK [2][-]{subsection.1.4.2}{Initial\040condition\040sampling}{section.1.4}% 7
\BOOKMARK [2][-]{subsection.1.4.3}{Clustering\040methods}{section.1.4}% 8
\BOOKMARK [2][-]{subsection.1.4.4}{Distance\040function}{section.1.4}% 9
\BOOKMARK [2][-]{subsection.1.4.5}{Model\040checking}{section.1.4}% 10
\BOOKMARK [1][-]{section.1.5}{Calculating\040robustness}{chapter.1}% 11
\BOOKMARK [2][-]{subsection.1.5.1}{Case\040study\0401:\040Infectious\040diseases}{section.1.5}% 12
\BOOKMARK [2][-]{subsection.1.5.2}{Case\040study\0402:\040Population\040growth}{section.1.5}% 13
\BOOKMARK [1][-]{section.1.6}{Applications\040of\040Stability\040Finder}{chapter.1}% 14
\BOOKMARK [2][-]{subsection.1.6.1}{Testing\040StabilityFinder}{section.1.6}% 15
\BOOKMARK [2][-]{subsection.1.6.2}{Lu\040toggle\040switch\040models}{section.1.6}% 16
\BOOKMARK [3][-]{subsubsection.1.6.2.1}{Extending\040the\040Lu\040models}{subsection.1.6.2}% 17
\BOOKMARK [3][-]{subsubsection.1.6.2.2}{Multistability\040in\040the\040Lu\040models}{subsection.1.6.2}% 18
\BOOKMARK [3][-]{subsubsection.1.6.2.3}{Extending\040the\040Lu\040switch\040to\040three\040nodes}{subsection.1.6.2}% 19
\BOOKMARK [2][-]{subsection.1.6.3}{Mass\040action\040switches}{section.1.6}% 20
\BOOKMARK [3][-]{subsubsection.1.6.3.1}{Multistability\040in\040the\040MA\040switches}{subsection.1.6.3}% 21
\BOOKMARK [3][-]{subsubsection.1.6.3.2}{Robustness\040prior\040dependence}{subsection.1.6.3}% 22
\BOOKMARK [1][-]{section.1.7}{Discussion}{chapter.1}% 23
\BOOKMARK [1][-]{section.1.8}{Summary}{chapter.1}% 24
\BOOKMARK [0][-]{section*.25}{Bibliography}{}% 25
